[0.197s] DEBUG:colcon:Command line arguments: ['/usr/bin/colcon', 'build']
[0.197s] DEBUG:colcon:Parsed command line arguments: Namespace(log_base=None, log_level=None, verb_name='build', build_base='build', install_base='install', merge_install=False, symlink_install=False, test_result_base=None, continue_on_error=False, executor='parallel', parallel_workers=8, event_handlers=None, ignore_user_meta=False, metas=['./colcon.meta'], base_paths=['.'], packages_ignore=None, packages_ignore_regex=None, paths=None, packages_up_to=None, packages_up_to_regex=None, packages_above=None, packages_above_and_dependencies=None, packages_above_depth=None, packages_select_by_dep=None, packages_skip_by_dep=None, packages_skip_up_to=None, packages_select_build_failed=False, packages_skip_build_finished=False, packages_select_test_failures=False, packages_skip_test_passed=False, packages_select=None, packages_skip=None, packages_select_regex=None, packages_skip_regex=None, packages_start=None, packages_end=None, allow_overriding=[], cmake_args=None, cmake_target=None, cmake_target_skip_unavailable=False, cmake_clean_cache=False, cmake_clean_first=False, cmake_force_configure=False, ament_cmake_args=None, catkin_cmake_args=None, catkin_skip_building_tests=False, verb_parser=<colcon_defaults.argument_parser.defaults.DefaultArgumentsDecorator object at 0x7fefc8dd8e20>, verb_extension=<colcon_core.verb.build.BuildVerb object at 0x7fefc95d6da0>, main=<bound method BuildVerb.main of <colcon_core.verb.build.BuildVerb object at 0x7fefc95d6da0>>)
[0.219s] Level 1:colcon.colcon_core.package_discovery:discover_packages(colcon_meta) check parameters
[0.219s] Level 1:colcon.colcon_core.package_discovery:discover_packages(recursive) check parameters
[0.219s] Level 1:colcon.colcon_core.package_discovery:discover_packages(ignore) check parameters
[0.219s] Level 1:colcon.colcon_core.package_discovery:discover_packages(path) check parameters
[0.220s] Level 1:colcon.colcon_core.package_discovery:discover_packages(colcon_meta) discover
[0.220s] Level 1:colcon.colcon_core.package_discovery:discover_packages(recursive) discover
[0.220s] INFO:colcon.colcon_core.package_discovery:Crawling recursively for packages in '/home/farhan/RoboSub/Topside/launch/video'
[0.220s] Level 1:colcon.colcon_core.package_identification:_identify(.) by extensions ['ignore', 'ignore_ament_install']
[0.220s] Level 1:colcon.colcon_core.package_identification:_identify(.) by extension 'ignore'
[0.220s] Level 1:colcon.colcon_core.package_identification:_identify(.) by extension 'ignore_ament_install'
[0.220s] Level 1:colcon.colcon_core.package_identification:_identify(.) by extensions ['colcon_pkg']
[0.220s] Level 1:colcon.colcon_core.package_identification:_identify(.) by extension 'colcon_pkg'
[0.220s] Level 1:colcon.colcon_core.package_identification:_identify(.) by extensions ['colcon_meta']
[0.220s] Level 1:colcon.colcon_core.package_identification:_identify(.) by extension 'colcon_meta'
[0.220s] Level 1:colcon.colcon_core.package_identification:_identify(.) by extensions ['ros']
[0.220s] Level 1:colcon.colcon_core.package_identification:_identify(.) by extension 'ros'
[0.229s] DEBUG:colcon.colcon_core.package_identification:Package '.' with type 'ros.ament_python' and name 'video'
[0.229s] Level 1:colcon.colcon_core.package_discovery:discover_packages(recursive) using defaults
[0.229s] Level 1:colcon.colcon_core.package_discovery:discover_packages(ignore) discover
[0.229s] Level 1:colcon.colcon_core.package_discovery:discover_packages(ignore) using defaults
[0.229s] Level 1:colcon.colcon_core.package_discovery:discover_packages(path) discover
[0.229s] Level 1:colcon.colcon_core.package_discovery:discover_packages(path) using defaults
[0.245s] Level 1:colcon.colcon_core.package_discovery:discover_packages(prefix_path) check parameters
[0.245s] Level 1:colcon.colcon_core.package_discovery:discover_packages(prefix_path) discover
[0.247s] DEBUG:colcon.colcon_installed_package_information.package_discovery:Found 270 installed packages in /opt/ros/humble
[0.248s] Level 1:colcon.colcon_core.package_discovery:discover_packages(prefix_path) using defaults
[0.284s] Level 5:colcon.colcon_core.verb:set package 'video' build argument 'cmake_args' from command line to 'None'
[0.284s] Level 5:colcon.colcon_core.verb:set package 'video' build argument 'cmake_target' from command line to 'None'
[0.284s] Level 5:colcon.colcon_core.verb:set package 'video' build argument 'cmake_target_skip_unavailable' from command line to 'False'
[0.284s] Level 5:colcon.colcon_core.verb:set package 'video' build argument 'cmake_clean_cache' from command line to 'False'
[0.284s] Level 5:colcon.colcon_core.verb:set package 'video' build argument 'cmake_clean_first' from command line to 'False'
[0.284s] Level 5:colcon.colcon_core.verb:set package 'video' build argument 'cmake_force_configure' from command line to 'False'
[0.284s] Level 5:colcon.colcon_core.verb:set package 'video' build argument 'ament_cmake_args' from command line to 'None'
[0.284s] Level 5:colcon.colcon_core.verb:set package 'video' build argument 'catkin_cmake_args' from command line to 'None'
[0.284s] Level 5:colcon.colcon_core.verb:set package 'video' build argument 'catkin_skip_building_tests' from command line to 'False'
[0.284s] DEBUG:colcon.colcon_core.verb:Building package 'video' with the following arguments: {'ament_cmake_args': None, 'build_base': '/home/farhan/RoboSub/Topside/launch/video/build/video', 'catkin_cmake_args': None, 'catkin_skip_building_tests': False, 'cmake_args': None, 'cmake_clean_cache': False, 'cmake_clean_first': False, 'cmake_force_configure': False, 'cmake_target': None, 'cmake_target_skip_unavailable': False, 'install_base': '/home/farhan/RoboSub/Topside/launch/video/install/video', 'merge_install': False, 'path': '/home/farhan/RoboSub/Topside/launch/video', 'symlink_install': False, 'test_result_base': None}
[0.284s] INFO:colcon.colcon_core.executor:Executing jobs using 'parallel' executor
[0.286s] DEBUG:colcon.colcon_parallel_executor.executor.parallel:run_until_complete
[0.286s] INFO:colcon.colcon_ros.task.ament_python.build:Building ROS package in '/home/farhan/RoboSub/Topside/launch/video' with build type 'ament_python'
[0.287s] Level 1:colcon.colcon_core.shell:create_environment_hook('video', 'ament_prefix_path')
[0.289s] INFO:colcon.colcon_core.plugin_system:Skipping extension 'colcon_core.shell.bat': Not used on non-Windows systems
[0.290s] INFO:colcon.colcon_core.shell:Creating environment hook '/home/farhan/RoboSub/Topside/launch/video/install/video/share/video/hook/ament_prefix_path.ps1'
[0.290s] INFO:colcon.colcon_core.shell:Creating environment descriptor '/home/farhan/RoboSub/Topside/launch/video/install/video/share/video/hook/ament_prefix_path.dsv'
[0.290s] INFO:colcon.colcon_core.shell:Creating environment hook '/home/farhan/RoboSub/Topside/launch/video/install/video/share/video/hook/ament_prefix_path.sh'
[0.291s] INFO:colcon.colcon_core.shell:Skip shell extension 'powershell' for command environment: Not usable outside of PowerShell
[0.291s] DEBUG:colcon.colcon_core.shell:Skip shell extension 'dsv' for command environment
[0.454s] INFO:colcon.colcon_core.task.python.build:Building Python package in '/home/farhan/RoboSub/Topside/launch/video'
[0.456s] INFO:colcon.colcon_core.shell:Skip shell extension 'powershell' for command environment: Not usable outside of PowerShell
[0.456s] DEBUG:colcon.colcon_core.shell:Skip shell extension 'dsv' for command environment
[0.679s] DEBUG:colcon.colcon_core.event_handler.log_command:Invoking command in '/home/farhan/RoboSub/Topside/launch/video': PYTHONPATH=/home/farhan/RoboSub/Topside/launch/video/build/video/prefix_override:/home/farhan/RoboSub/Topside/launch/video/install/video/lib/python3.10/site-packages:${PYTHONPATH} /usr/bin/python3 setup.py egg_info --egg-base build/video build --build-base /home/farhan/RoboSub/Topside/launch/video/build/video/build install --record /home/farhan/RoboSub/Topside/launch/video/build/video/install.log --single-version-externally-managed
[0.863s] DEBUG:colcon.colcon_core.event_handler.log_command:Invoked command in '/home/farhan/RoboSub/Topside/launch/video' returned '0': PYTHONPATH=/home/farhan/RoboSub/Topside/launch/video/build/video/prefix_override:/home/farhan/RoboSub/Topside/launch/video/install/video/lib/python3.10/site-packages:${PYTHONPATH} /usr/bin/python3 setup.py egg_info --egg-base build/video build --build-base /home/farhan/RoboSub/Topside/launch/video/build/video/build install --record /home/farhan/RoboSub/Topside/launch/video/build/video/install.log --single-version-externally-managed
[0.865s] Level 1:colcon.colcon_core.environment:checking '/home/farhan/RoboSub/Topside/launch/video/install/video' for CMake module files
[0.866s] Level 1:colcon.colcon_core.environment:checking '/home/farhan/RoboSub/Topside/launch/video/install/video' for CMake config files
[0.866s] Level 1:colcon.colcon_core.environment:checking '/home/farhan/RoboSub/Topside/launch/video/install/video/lib'
[0.866s] Level 1:colcon.colcon_core.environment:checking '/home/farhan/RoboSub/Topside/launch/video/install/video/bin'
[0.866s] Level 1:colcon.colcon_core.environment:checking '/home/farhan/RoboSub/Topside/launch/video/install/video/lib/pkgconfig/video.pc'
[0.866s] Level 1:colcon.colcon_core.environment:checking '/home/farhan/RoboSub/Topside/launch/video/install/video/lib/python3.10/site-packages'
[0.866s] Level 1:colcon.colcon_core.shell:create_environment_hook('video', 'pythonpath')
[0.867s] INFO:colcon.colcon_core.shell:Creating environment hook '/home/farhan/RoboSub/Topside/launch/video/install/video/share/video/hook/pythonpath.ps1'
[0.867s] INFO:colcon.colcon_core.shell:Creating environment descriptor '/home/farhan/RoboSub/Topside/launch/video/install/video/share/video/hook/pythonpath.dsv'
[0.868s] INFO:colcon.colcon_core.shell:Creating environment hook '/home/farhan/RoboSub/Topside/launch/video/install/video/share/video/hook/pythonpath.sh'
[0.868s] Level 1:colcon.colcon_core.environment:checking '/home/farhan/RoboSub/Topside/launch/video/install/video/bin'
[0.868s] Level 1:colcon.colcon_core.environment:create_environment_scripts_only(video)
[0.869s] INFO:colcon.colcon_core.shell:Creating package script '/home/farhan/RoboSub/Topside/launch/video/install/video/share/video/package.ps1'
[0.869s] INFO:colcon.colcon_core.shell:Creating package descriptor '/home/farhan/RoboSub/Topside/launch/video/install/video/share/video/package.dsv'
[0.870s] INFO:colcon.colcon_core.shell:Creating package script '/home/farhan/RoboSub/Topside/launch/video/install/video/share/video/package.sh'
[0.870s] INFO:colcon.colcon_core.shell:Creating package script '/home/farhan/RoboSub/Topside/launch/video/install/video/share/video/package.bash'
[0.870s] INFO:colcon.colcon_core.shell:Creating package script '/home/farhan/RoboSub/Topside/launch/video/install/video/share/video/package.zsh'
[0.871s] Level 1:colcon.colcon_core.environment:create_file_with_runtime_dependencies(/home/farhan/RoboSub/Topside/launch/video/install/video/share/colcon-core/packages/video)
[0.871s] DEBUG:colcon.colcon_parallel_executor.executor.parallel:closing loop
[0.871s] DEBUG:colcon.colcon_parallel_executor.executor.parallel:loop closed
[0.871s] DEBUG:colcon.colcon_parallel_executor.executor.parallel:run_until_complete finished with '0'
[0.871s] DEBUG:colcon.colcon_core.event_reactor:joining thread
[0.874s] INFO:colcon.colcon_core.plugin_system:Skipping extension 'colcon_notification.desktop_notification.terminal_notifier': Not used on non-Darwin systems
[0.874s] INFO:colcon.colcon_core.plugin_system:Skipping extension 'colcon_notification.desktop_notification.win32': Not used on non-Windows systems
[0.874s] INFO:colcon.colcon_notification.desktop_notification:Sending desktop notification using 'notify2'
[0.882s] DEBUG:colcon.colcon_core.event_reactor:joined thread
[0.883s] INFO:colcon.colcon_core.shell:Creating prefix script '/home/farhan/RoboSub/Topside/launch/video/install/local_setup.ps1'
[0.884s] INFO:colcon.colcon_core.shell:Creating prefix util module '/home/farhan/RoboSub/Topside/launch/video/install/_local_setup_util_ps1.py'
[0.885s] INFO:colcon.colcon_core.shell:Creating prefix chain script '/home/farhan/RoboSub/Topside/launch/video/install/setup.ps1'
[0.886s] INFO:colcon.colcon_core.shell:Creating prefix script '/home/farhan/RoboSub/Topside/launch/video/install/local_setup.sh'
[0.886s] INFO:colcon.colcon_core.shell:Creating prefix util module '/home/farhan/RoboSub/Topside/launch/video/install/_local_setup_util_sh.py'
[0.887s] INFO:colcon.colcon_core.shell:Creating prefix chain script '/home/farhan/RoboSub/Topside/launch/video/install/setup.sh'
[0.888s] INFO:colcon.colcon_core.shell:Creating prefix script '/home/farhan/RoboSub/Topside/launch/video/install/local_setup.bash'
[0.888s] INFO:colcon.colcon_core.shell:Creating prefix chain script '/home/farhan/RoboSub/Topside/launch/video/install/setup.bash'
[0.889s] INFO:colcon.colcon_core.shell:Creating prefix script '/home/farhan/RoboSub/Topside/launch/video/install/local_setup.zsh'
[0.889s] INFO:colcon.colcon_core.shell:Creating prefix chain script '/home/farhan/RoboSub/Topside/launch/video/install/setup.zsh'
