[0.395s] Invoking command in '/home/farhan/RoboSub/Topside/launch/video': PYTHONPATH=/home/farhan/RoboSub/Topside/launch/build/video/prefix_override:/home/farhan/RoboSub/Topside/launch/install/video/lib/python3.10/site-packages:${PYTHONPATH} /usr/bin/python3 setup.py egg_info --egg-base ../build/video build --build-base /home/farhan/RoboSub/Topside/launch/build/video/build install --record /home/farhan/RoboSub/Topside/launch/build/video/install.log --single-version-externally-managed
[0.541s] running egg_info
[0.541s] writing ../build/video/video.egg-info/PKG-INFO
[0.541s] writing dependency_links to ../build/video/video.egg-info/dependency_links.txt
[0.541s] writing entry points to ../build/video/video.egg-info/entry_points.txt
[0.541s] writing requirements to ../build/video/video.egg-info/requires.txt
[0.541s] writing top-level names to ../build/video/video.egg-info/top_level.txt
[0.542s] reading manifest file '../build/video/video.egg-info/SOURCES.txt'
[0.543s] writing manifest file '../build/video/video.egg-info/SOURCES.txt'
[0.543s] running build
[0.543s] running build_py
[0.543s] running install
[0.543s] /usr/lib/python3/dist-packages/setuptools/command/install.py:34: SetuptoolsDeprecationWarning: setup.py install is deprecated. Use build and pip and other standards-based tools.
[0.544s]   warnings.warn(
[0.544s] running install_lib
[0.544s] running install_data
[0.545s] running install_egg_info
[0.546s] removing '/home/farhan/RoboSub/Topside/launch/install/video/lib/python3.10/site-packages/video-0.0.0-py3.10.egg-info' (and everything under it)
[0.546s] Copying ../build/video/video.egg-info to /home/farhan/RoboSub/Topside/launch/install/video/lib/python3.10/site-packages/video-0.0.0-py3.10.egg-info
[0.546s] running install_scripts
[0.560s] Installing video_sub script to /home/farhan/RoboSub/Topside/launch/install/video/lib/video
[0.560s] writing list of installed files to '/home/farhan/RoboSub/Topside/launch/build/video/install.log'
[0.578s] Invoked command in '/home/farhan/RoboSub/Topside/launch/video' returned '0': PYTHONPATH=/home/farhan/RoboSub/Topside/launch/build/video/prefix_override:/home/farhan/RoboSub/Topside/launch/install/video/lib/python3.10/site-packages:${PYTHONPATH} /usr/bin/python3 setup.py egg_info --egg-base ../build/video build --build-base /home/farhan/RoboSub/Topside/launch/build/video/build install --record /home/farhan/RoboSub/Topside/launch/build/video/install.log --single-version-externally-managed
