[0.409s] Invoking command in '/home/farhan/RoboSub/Topside/launch/video': CONDA_PROMPT_MODIFIER=(base) PYTHONPATH=/home/farhan/RoboSub/Topside/launch/build/video/prefix_override:/home/farhan/RoboSub/Topside/launch/install/video/lib/python3.10/site-packages:${PYTHONPATH} /usr/bin/python3 setup.py egg_info --egg-base ../build/video build --build-base /home/farhan/RoboSub/Topside/launch/build/video/build install --record /home/farhan/RoboSub/Topside/launch/build/video/install.log --single-version-externally-managed
[0.557s] running egg_info
[0.557s] writing ../build/video/video.egg-info/PKG-INFO
[0.557s] writing dependency_links to ../build/video/video.egg-info/dependency_links.txt
[0.557s] writing entry points to ../build/video/video.egg-info/entry_points.txt
[0.557s] writing requirements to ../build/video/video.egg-info/requires.txt
[0.557s] writing top-level names to ../build/video/video.egg-info/top_level.txt
[0.558s] reading manifest file '../build/video/video.egg-info/SOURCES.txt'
[0.559s] writing manifest file '../build/video/video.egg-info/SOURCES.txt'
[0.559s] running build
[0.559s] running build_py
[0.559s] copying video_subscriber.py -> /home/farhan/RoboSub/Topside/launch/build/video/build/lib
[0.559s] /usr/lib/python3/dist-packages/setuptools/command/install.py:34: SetuptoolsDeprecationWarning: setup.py install is deprecated. Use build and pip and other standards-based tools.
[0.559s]   warnings.warn(
[0.559s] running install
[0.559s] running install_lib
[0.560s] copying /home/farhan/RoboSub/Topside/launch/build/video/build/lib/video_subscriber.py -> /home/farhan/RoboSub/Topside/launch/install/video/lib/python3.10/site-packages
[0.560s] byte-compiling /home/farhan/RoboSub/Topside/launch/install/video/lib/python3.10/site-packages/video_subscriber.py to video_subscriber.cpython-310.pyc
[0.561s] Sorry: TabError: inconsistent use of tabs and spaces in indentation (video_subscriber.py, line 22)
[0.561s] running install_data
[0.561s] running install_egg_info
[0.562s] removing '/home/farhan/RoboSub/Topside/launch/install/video/lib/python3.10/site-packages/video-0.0.0-py3.10.egg-info' (and everything under it)
[0.562s] Copying ../build/video/video.egg-info to /home/farhan/RoboSub/Topside/launch/install/video/lib/python3.10/site-packages/video-0.0.0-py3.10.egg-info
[0.562s] running install_scripts
[0.576s] Installing video_sub script to /home/farhan/RoboSub/Topside/launch/install/video/lib/video
[0.576s] writing list of installed files to '/home/farhan/RoboSub/Topside/launch/build/video/install.log'
[0.595s] Invoked command in '/home/farhan/RoboSub/Topside/launch/video' returned '0': CONDA_PROMPT_MODIFIER=(base) PYTHONPATH=/home/farhan/RoboSub/Topside/launch/build/video/prefix_override:/home/farhan/RoboSub/Topside/launch/install/video/lib/python3.10/site-packages:${PYTHONPATH} /usr/bin/python3 setup.py egg_info --egg-base ../build/video build --build-base /home/farhan/RoboSub/Topside/launch/build/video/build install --record /home/farhan/RoboSub/Topside/launch/build/video/install.log --single-version-externally-managed
