[0.406s] Invoking command in '/home/farhan/RoboSub/Topside/launch/video': PYTHONPATH=/home/farhan/RoboSub/Topside/launch/build/video/prefix_override:/home/farhan/RoboSub/Topside/launch/install/video/lib/python3.10/site-packages:${PYTHONPATH} /usr/bin/python3 setup.py egg_info --egg-base ../build/video build --build-base /home/farhan/RoboSub/Topside/launch/build/video/build install --record /home/farhan/RoboSub/Topside/launch/build/video/install.log --single-version-externally-managed
[0.554s] running egg_info
[0.555s] writing ../build/video/video.egg-info/PKG-INFO
[0.555s] writing dependency_links to ../build/video/video.egg-info/dependency_links.txt
[0.555s] writing entry points to ../build/video/video.egg-info/entry_points.txt
[0.555s] writing requirements to ../build/video/video.egg-info/requires.txt
[0.555s] writing top-level names to ../build/video/video.egg-info/top_level.txt
[0.556s] reading manifest file '../build/video/video.egg-info/SOURCES.txt'
[0.557s] writing manifest file '../build/video/video.egg-info/SOURCES.txt'
[0.557s] running build
[0.557s] running build_py
[0.557s] copying video_subscriber.py -> /home/farhan/RoboSub/Topside/launch/build/video/build/lib
[0.557s] running install
[0.557s] /usr/lib/python3/dist-packages/setuptools/command/install.py:34: SetuptoolsDeprecationWarning: setup.py install is deprecated. Use build and pip and other standards-based tools.
[0.557s]   warnings.warn(
[0.557s] running install_lib
[0.558s] copying /home/farhan/RoboSub/Topside/launch/build/video/build/lib/video_subscriber.py -> /home/farhan/RoboSub/Topside/launch/install/video/lib/python3.10/site-packages
[0.558s] Sorry: TabError: inconsistent use of tabs and spaces in indentation (video_subscriber.py, line 20)
[0.558s] byte-compiling /home/farhan/RoboSub/Topside/launch/install/video/lib/python3.10/site-packages/video_subscriber.py to video_subscriber.cpython-310.pyc
[0.558s] running install_data
[0.559s] running install_egg_info
[0.559s] removing '/home/farhan/RoboSub/Topside/launch/install/video/lib/python3.10/site-packages/video-0.0.0-py3.10.egg-info' (and everything under it)
[0.560s] Copying ../build/video/video.egg-info to /home/farhan/RoboSub/Topside/launch/install/video/lib/python3.10/site-packages/video-0.0.0-py3.10.egg-info
[0.560s] running install_scripts
[0.574s] Installing video_sub script to /home/farhan/RoboSub/Topside/launch/install/video/lib/video
[0.574s] writing list of installed files to '/home/farhan/RoboSub/Topside/launch/build/video/install.log'
[0.592s] Invoked command in '/home/farhan/RoboSub/Topside/launch/video' returned '0': PYTHONPATH=/home/farhan/RoboSub/Topside/launch/build/video/prefix_override:/home/farhan/RoboSub/Topside/launch/install/video/lib/python3.10/site-packages:${PYTHONPATH} /usr/bin/python3 setup.py egg_info --egg-base ../build/video build --build-base /home/farhan/RoboSub/Topside/launch/build/video/build install --record /home/farhan/RoboSub/Topside/launch/build/video/install.log --single-version-externally-managed
