[0.459s] Invoking command in '/home/farhan/RoboSub/Topside/launch/video': CONDA_PROMPT_MODIFIER=(base) PYTHONPATH=/home/farhan/RoboSub/Topside/launch/build/video/prefix_override:/home/farhan/RoboSub/Topside/launch/install/video/lib/python3.10/site-packages:${PYTHONPATH} /usr/bin/python3 setup.py egg_info --egg-base ../build/video build --build-base /home/farhan/RoboSub/Topside/launch/build/video/build install --record /home/farhan/RoboSub/Topside/launch/build/video/install.log --single-version-externally-managed
[0.607s] running egg_info
[0.607s] writing ../build/video/video.egg-info/PKG-INFO
[0.608s] writing dependency_links to ../build/video/video.egg-info/dependency_links.txt
[0.608s] writing entry points to ../build/video/video.egg-info/entry_points.txt
[0.608s] writing requirements to ../build/video/video.egg-info/requires.txt
[0.609s] writing top-level names to ../build/video/video.egg-info/top_level.txt
[0.610s] reading manifest file '../build/video/video.egg-info/SOURCES.txt'
[0.611s] writing manifest file '../build/video/video.egg-info/SOURCES.txt'
[0.611s] running build
[0.611s] running build_py
[0.612s] running install
[0.612s] /usr/lib/python3/dist-packages/setuptools/command/install.py:34: SetuptoolsDeprecationWarning: setup.py install is deprecated. Use build and pip and other standards-based tools.
[0.612s]   warnings.warn(
[0.612s] running install_lib
[0.613s] running install_data
[0.613s] running install_egg_info
[0.614s] removing '/home/farhan/RoboSub/Topside/launch/install/video/lib/python3.10/site-packages/video-0.0.0-py3.10.egg-info' (and everything under it)
[0.614s] Copying ../build/video/video.egg-info to /home/farhan/RoboSub/Topside/launch/install/video/lib/python3.10/site-packages/video-0.0.0-py3.10.egg-info
[0.615s] running install_scripts
[0.629s] Installing video_sub script to /home/farhan/RoboSub/Topside/launch/install/video/lib/video
[0.629s] writing list of installed files to '/home/farhan/RoboSub/Topside/launch/build/video/install.log'
[0.648s] Invoked command in '/home/farhan/RoboSub/Topside/launch/video' returned '0': CONDA_PROMPT_MODIFIER=(base) PYTHONPATH=/home/farhan/RoboSub/Topside/launch/build/video/prefix_override:/home/farhan/RoboSub/Topside/launch/install/video/lib/python3.10/site-packages:${PYTHONPATH} /usr/bin/python3 setup.py egg_info --egg-base ../build/video build --build-base /home/farhan/RoboSub/Topside/launch/build/video/build install --record /home/farhan/RoboSub/Topside/launch/build/video/install.log --single-version-externally-managed
