[0.376s] Invoking command in '/home/farhan/RoboSub/Topside/launch/video': PYTHONPATH=/home/farhan/RoboSub/Topside/launch/build/video/prefix_override:/home/farhan/RoboSub/Topside/launch/install/video/lib/python3.10/site-packages: /usr/bin/python3 setup.py egg_info --egg-base ../build/video build --build-base /home/farhan/RoboSub/Topside/launch/build/video/build install --record /home/farhan/RoboSub/Topside/launch/build/video/install.log --single-version-externally-managed
[0.494s] running egg_info
[0.495s] creating ../build/video/video.egg-info
[0.495s] writing ../build/video/video.egg-info/PKG-INFO
[0.495s] writing dependency_links to ../build/video/video.egg-info/dependency_links.txt
[0.495s] writing entry points to ../build/video/video.egg-info/entry_points.txt
[0.495s] writing requirements to ../build/video/video.egg-info/requires.txt
[0.495s] writing top-level names to ../build/video/video.egg-info/top_level.txt
[0.495s] writing manifest file '../build/video/video.egg-info/SOURCES.txt'
[0.496s] file video_subscriber.py (for module video_subscriber) not found
[0.496s] reading manifest file '../build/video/video.egg-info/SOURCES.txt'
[0.497s] file video_subscriber.py (for module video_subscriber) not found
[0.497s] writing manifest file '../build/video/video.egg-info/SOURCES.txt'
[0.497s] running build
[0.497s] running build_py
[0.497s] creating /home/farhan/RoboSub/Topside/launch/build/video/build
[0.497s] creating /home/farhan/RoboSub/Topside/launch/build/video/build/lib
[0.497s] creating /home/farhan/RoboSub/Topside/launch/build/video/build/lib/video
[0.497s] copying video/__init__.py -> /home/farhan/RoboSub/Topside/launch/build/video/build/lib/video
[0.497s] running install
[0.497s] file video_subscriber.py (for module video_subscriber) not found
[0.498s] /usr/lib/python3/dist-packages/setuptools/command/install.py:34: SetuptoolsDeprecationWarning: setup.py install is deprecated. Use build and pip and other standards-based tools.
[0.498s]   warnings.warn(
[0.498s] running install_lib
[0.498s] creating /home/farhan/RoboSub/Topside/launch/install/video/lib/python3.10/site-packages/video
[0.498s] copying /home/farhan/RoboSub/Topside/launch/build/video/build/lib/video/__init__.py -> /home/farhan/RoboSub/Topside/launch/install/video/lib/python3.10/site-packages/video
[0.499s] byte-compiling /home/farhan/RoboSub/Topside/launch/install/video/lib/python3.10/site-packages/video/__init__.py to __init__.cpython-310.pyc
[0.499s] running install_data
[0.499s] creating /home/farhan/RoboSub/Topside/launch/install/video/share/ament_index
[0.499s] creating /home/farhan/RoboSub/Topside/launch/install/video/share/ament_index/resource_index
[0.499s] creating /home/farhan/RoboSub/Topside/launch/install/video/share/ament_index/resource_index/packages
[0.499s] copying resource/video -> /home/farhan/RoboSub/Topside/launch/install/video/share/ament_index/resource_index/packages
[0.499s] copying package.xml -> /home/farhan/RoboSub/Topside/launch/install/video/share/video
[0.499s] running install_egg_info
[0.500s] Copying ../build/video/video.egg-info to /home/farhan/RoboSub/Topside/launch/install/video/lib/python3.10/site-packages/video-0.0.0-py3.10.egg-info
[0.501s] running install_scripts
[0.514s] Installing video_sub script to /home/farhan/RoboSub/Topside/launch/install/video/lib/video
[0.514s] writing list of installed files to '/home/farhan/RoboSub/Topside/launch/build/video/install.log'
[0.514s] file video_subscriber.py (for module video_subscriber) not found
[0.532s] Invoked command in '/home/farhan/RoboSub/Topside/launch/video' returned '0': PYTHONPATH=/home/farhan/RoboSub/Topside/launch/build/video/prefix_override:/home/farhan/RoboSub/Topside/launch/install/video/lib/python3.10/site-packages: /usr/bin/python3 setup.py egg_info --egg-base ../build/video build --build-base /home/farhan/RoboSub/Topside/launch/build/video/build install --record /home/farhan/RoboSub/Topside/launch/build/video/install.log --single-version-externally-managed
