running egg_info
writing ../build/video/video.egg-info/PKG-INFO
writing dependency_links to ../build/video/video.egg-info/dependency_links.txt
writing entry points to ../build/video/video.egg-info/entry_points.txt
writing requirements to ../build/video/video.egg-info/requires.txt
writing top-level names to ../build/video/video.egg-info/top_level.txt
reading manifest file '../build/video/video.egg-info/SOURCES.txt'
writing manifest file '../build/video/video.egg-info/SOURCES.txt'
running build
running build_py
copying video_subsciber.py -> /home/farhan/RoboSub/Topside/launch/build/video/build/lib
running install
running install_lib
copying /home/farhan/RoboSub/Topside/launch/build/video/build/lib/video_subsciber.py -> /home/farhan/RoboSub/Topside/launch/install/video/lib/python3.10/site-packages
byte-compiling /home/farhan/RoboSub/Topside/launch/install/video/lib/python3.10/site-packages/video_subsciber.py to video_subsciber.cpython-310.pyc
running install_data
running install_egg_info
removing '/home/farhan/RoboSub/Topside/launch/install/video/lib/python3.10/site-packages/video-0.0.0-py3.10.egg-info' (and everything under it)
Copying ../build/video/video.egg-info to /home/farhan/RoboSub/Topside/launch/install/video/lib/python3.10/site-packages/video-0.0.0-py3.10.egg-info
running install_scripts
Installing video_sub script to /home/farhan/RoboSub/Topside/launch/install/video/lib/video
writing list of installed files to '/home/farhan/RoboSub/Topside/launch/build/video/install.log'
