[0.413s] Invoking command in '/home/farhan/RoboSub/Topside/launch/video': PYTHONPATH=/home/farhan/RoboSub/Topside/launch/build/video/prefix_override:/home/farhan/RoboSub/Topside/launch/install/video/lib/python3.10/site-packages:${PYTHONPATH} /usr/bin/python3 setup.py egg_info --egg-base ../build/video build --build-base /home/farhan/RoboSub/Topside/launch/build/video/build install --record /home/farhan/RoboSub/Topside/launch/build/video/install.log --single-version-externally-managed
[0.583s] running egg_info
[0.583s] writing ../build/video/video.egg-info/PKG-INFO
[0.583s] writing dependency_links to ../build/video/video.egg-info/dependency_links.txt
[0.583s] writing entry points to ../build/video/video.egg-info/entry_points.txt
[0.583s] writing requirements to ../build/video/video.egg-info/requires.txt
[0.583s] writing top-level names to ../build/video/video.egg-info/top_level.txt
[0.585s] reading manifest file '../build/video/video.egg-info/SOURCES.txt'
[0.585s] writing manifest file '../build/video/video.egg-info/SOURCES.txt'
[0.585s] running build
[0.585s] running build_py
[0.585s] copying video_subscriber.py -> /home/farhan/RoboSub/Topside/launch/build/video/build/lib
[0.585s] /usr/lib/python3/dist-packages/setuptools/command/install.py:34: SetuptoolsDeprecationWarning: setup.py install is deprecated. Use build and pip and other standards-based tools.
[0.585s]   warnings.warn(
[0.585s] running install
[0.585s] running install_lib
[0.586s] copying /home/farhan/RoboSub/Topside/launch/build/video/build/lib/video_subscriber.py -> /home/farhan/RoboSub/Topside/launch/install/video/lib/python3.10/site-packages
[0.586s] byte-compiling /home/farhan/RoboSub/Topside/launch/install/video/lib/python3.10/site-packages/video_subscriber.py to video_subscriber.cpython-310.pyc
[0.587s] running install_data
[0.587s] running install_egg_info
[0.588s] removing '/home/farhan/RoboSub/Topside/launch/install/video/lib/python3.10/site-packages/video-0.0.0-py3.10.egg-info' (and everything under it)
[0.588s] Copying ../build/video/video.egg-info to /home/farhan/RoboSub/Topside/launch/install/video/lib/python3.10/site-packages/video-0.0.0-py3.10.egg-info
[0.589s] running install_scripts
[0.603s] Installing video_sub script to /home/farhan/RoboSub/Topside/launch/install/video/lib/video
[0.603s] writing list of installed files to '/home/farhan/RoboSub/Topside/launch/build/video/install.log'
[0.622s] Invoked command in '/home/farhan/RoboSub/Topside/launch/video' returned '0': PYTHONPATH=/home/farhan/RoboSub/Topside/launch/build/video/prefix_override:/home/farhan/RoboSub/Topside/launch/install/video/lib/python3.10/site-packages:${PYTHONPATH} /usr/bin/python3 setup.py egg_info --egg-base ../build/video build --build-base /home/farhan/RoboSub/Topside/launch/build/video/build install --record /home/farhan/RoboSub/Topside/launch/build/video/install.log --single-version-externally-managed
