[0.392s] Invoking command in '/home/farhan/RoboSub/Topside/launch/video': PYTHONPATH=/home/farhan/RoboSub/Topside/launch/video/build/video/prefix_override:/home/farhan/RoboSub/Topside/launch/video/install/video/lib/python3.10/site-packages:${PYTHONPATH} /usr/bin/python3 setup.py egg_info --egg-base build/video build --build-base /home/farhan/RoboSub/Topside/launch/video/build/video/build install --record /home/farhan/RoboSub/Topside/launch/video/build/video/install.log --single-version-externally-managed
[0.537s] running egg_info
[0.537s] creating build/video/video.egg-info
[0.537s] writing build/video/video.egg-info/PKG-INFO
[0.538s] writing dependency_links to build/video/video.egg-info/dependency_links.txt
[0.538s] writing entry points to build/video/video.egg-info/entry_points.txt
[0.538s] writing requirements to build/video/video.egg-info/requires.txt
[0.538s] writing top-level names to build/video/video.egg-info/top_level.txt
[0.538s] writing manifest file 'build/video/video.egg-info/SOURCES.txt'
[0.539s] reading manifest file 'build/video/video.egg-info/SOURCES.txt'
[0.539s] writing manifest file 'build/video/video.egg-info/SOURCES.txt'
[0.539s] running build
[0.540s] running build_py
[0.540s] creating /home/farhan/RoboSub/Topside/launch/video/build/video/build
[0.540s] creating /home/farhan/RoboSub/Topside/launch/video/build/video/build/lib
[0.540s] copying video_subscriber.py -> /home/farhan/RoboSub/Topside/launch/video/build/video/build/lib
[0.540s] creating /home/farhan/RoboSub/Topside/launch/video/build/video/build/lib/video
[0.540s] copying video/__init__.py -> /home/farhan/RoboSub/Topside/launch/video/build/video/build/lib/video
[0.540s] running install
[0.540s] /usr/lib/python3/dist-packages/setuptools/command/install.py:34: SetuptoolsDeprecationWarning: setup.py install is deprecated. Use build and pip and other standards-based tools.
[0.540s]   warnings.warn(
[0.540s] running install_lib
[0.541s] creating /home/farhan/RoboSub/Topside/launch/video/install/video/lib/python3.10/site-packages/video
[0.541s] copying /home/farhan/RoboSub/Topside/launch/video/build/video/build/lib/video/__init__.py -> /home/farhan/RoboSub/Topside/launch/video/install/video/lib/python3.10/site-packages/video
[0.541s] copying /home/farhan/RoboSub/Topside/launch/video/build/video/build/lib/video_subscriber.py -> /home/farhan/RoboSub/Topside/launch/video/install/video/lib/python3.10/site-packages
[0.541s] byte-compiling /home/farhan/RoboSub/Topside/launch/video/install/video/lib/python3.10/site-packages/video/__init__.py to __init__.cpython-310.pyc
[0.541s] byte-compiling /home/farhan/RoboSub/Topside/launch/video/install/video/lib/python3.10/site-packages/video_subscriber.py to video_subscriber.cpython-310.pyc
[0.541s] running install_data
[0.541s] Sorry: TabError: inconsistent use of tabs and spaces in indentation (video_subscriber.py, line 21)
[0.542s] creating /home/farhan/RoboSub/Topside/launch/video/install/video/share/ament_index
[0.542s] creating /home/farhan/RoboSub/Topside/launch/video/install/video/share/ament_index/resource_index
[0.542s] creating /home/farhan/RoboSub/Topside/launch/video/install/video/share/ament_index/resource_index/packages
[0.542s] copying resource/video -> /home/farhan/RoboSub/Topside/launch/video/install/video/share/ament_index/resource_index/packages
[0.542s] copying package.xml -> /home/farhan/RoboSub/Topside/launch/video/install/video/share/video
[0.542s] running install_egg_info
[0.543s] Copying build/video/video.egg-info to /home/farhan/RoboSub/Topside/launch/video/install/video/lib/python3.10/site-packages/video-0.0.0-py3.10.egg-info
[0.543s] running install_scripts
[0.557s] Installing video_sub script to /home/farhan/RoboSub/Topside/launch/video/install/video/lib/video
[0.557s] writing list of installed files to '/home/farhan/RoboSub/Topside/launch/video/build/video/install.log'
[0.576s] Invoked command in '/home/farhan/RoboSub/Topside/launch/video' returned '0': PYTHONPATH=/home/farhan/RoboSub/Topside/launch/video/build/video/prefix_override:/home/farhan/RoboSub/Topside/launch/video/install/video/lib/python3.10/site-packages:${PYTHONPATH} /usr/bin/python3 setup.py egg_info --egg-base build/video build --build-base /home/farhan/RoboSub/Topside/launch/video/build/video/build install --record /home/farhan/RoboSub/Topside/launch/video/build/video/install.log --single-version-externally-managed
